2023-10-22 15:41:25,474 [INFO] Activator:176 - 


2023-10-22 15:41:25,477 [INFO] Activator:177 - !SESSION log4j initialized
2023-10-22 15:41:29,330 [INFO] LogOutputStream:77 - [STDOUT_REDIRECT] 
2023-10-22 15:41:32,075 [INFO] ApplicationProperties:184 - Using Application install path: /opt/st/stm32cubeide_1.13.2/plugins/com.st.stm32cube.common.mx_6.9.2.202309101412
2023-10-22 15:41:32,097 [INFO] DbMcusXml:78 - Set database path to: /opt/st/stm32cubeide_1.13.2/plugins/com.st.stm32cube.common.mx_6.9.2.202309101412//db//mcu/
2023-10-22 15:41:32,098 [INFO] ApiDb:274 - Set plugin database path to: /opt/st/stm32cubeide_1.13.2/plugins/com.st.stm32cube.common.mx_6.9.2.202309101412//db//plugins/boardmanager/
2023-10-22 15:41:32,098 [WARN] ApiDb:259 - Overriding images path with different value:  => /opt/st/stm32cubeide_1.13.2/plugins/com.st.stm32cube.common.mx_6.9.2.202309101412//db//plugins/mcufinder/images/
2023-10-22 15:41:32,111 [INFO] ApiDb:250 - Set database path to: /home/eunchan/.stmcufinder/plugins/mcufinder//mcu/
2023-10-22 15:41:32,113 [INFO] DbMcusAds:125 - Set database path to: /home/eunchan/.stmcufinder/plugins/mcufinder//mcu/
2023-10-22 15:41:32,116 [INFO] CrossReferenceDbSqlite:203 - Set database path to: /home/eunchan/.stmcufinder/plugins/mcufinder//mcu/cs/
2023-10-22 15:41:32,278 [INFO] RulesReader:64 - Compatibility file has been processed (293 Rules)
2023-10-22 15:41:32,359 [INFO] DbMcusXml:78 - Set database path to: /opt/st/stm32cubeide_1.13.2/plugins/com.st.stm32cube.common.mx_6.9.2.202309101412//db//mcu/
2023-10-22 15:41:32,360 [INFO] ApiDb:274 - Set plugin database path to: /opt/st/stm32cubeide_1.13.2/plugins/com.st.stm32cube.common.mx_6.9.2.202309101412//db//plugins/boardmanager/
2023-10-22 15:41:32,360 [INFO] ApiDb:261 - Set plugin images path to: /opt/st/stm32cubeide_1.13.2/plugins/com.st.stm32cube.common.mx_6.9.2.202309101412//db//plugins/mcufinder/images/
2023-10-22 15:41:32,360 [WARN] DbFile:41 - Overriding database path with different value: /home/eunchan/.stmcufinder/plugins/mcufinder/ => /home/eunchan/.stmcufinder/plugins/mcufinder
2023-10-22 15:41:32,361 [INFO] ApiDb:250 - Set database path to: /home/eunchan/.stmcufinder/plugins/mcufinder//mcu/
2023-10-22 15:41:32,361 [WARN] DbFile:41 - Overriding database path with different value: /home/eunchan/.stmcufinder/plugins/mcufinder/ => /home/eunchan/.stmcufinder/plugins/mcufinder
2023-10-22 15:41:32,361 [INFO] DbMcusAds:125 - Set database path to: /home/eunchan/.stmcufinder/plugins/mcufinder//mcu/
2023-10-22 15:41:32,361 [WARN] DbFile:41 - Overriding database path with different value: /home/eunchan/.stmcufinder/plugins/mcufinder/ => /home/eunchan/.stmcufinder/plugins/mcufinder
2023-10-22 15:41:32,361 [WARN] DbFile:41 - Overriding database path with different value: /home/eunchan/.stmcufinder/plugins/mcufinder/ => /home/eunchan/.stmcufinder/plugins/mcufinder
2023-10-22 15:41:32,362 [INFO] CrossReferenceDbSqlite:203 - Set database path to: /home/eunchan/.stmcufinder/plugins/mcufinder//mcu/cs/
2023-10-22 15:41:32,439 [INFO] MainPanel:262 - HeapMemory: 268435456
2023-10-22 15:41:32,549 [INFO] DbMcusXml:78 - Set database path to: /opt/st/stm32cubeide_1.13.2/plugins/com.st.stm32cube.common.mx_6.9.2.202309101412//db//mcu/
2023-10-22 15:41:32,549 [INFO] ApiDb:274 - Set plugin database path to: /opt/st/stm32cubeide_1.13.2/plugins/com.st.stm32cube.common.mx_6.9.2.202309101412//db//plugins/boardmanager/
2023-10-22 15:41:32,550 [INFO] ApiDb:261 - Set plugin images path to: /opt/st/stm32cubeide_1.13.2/plugins/com.st.stm32cube.common.mx_6.9.2.202309101412//db//plugins/mcufinder/images/
2023-10-22 15:41:32,550 [WARN] DbFile:41 - Overriding database path with different value: /home/eunchan/.stmcufinder/plugins/mcufinder/ => /home/eunchan/.stmcufinder/plugins/mcufinder
2023-10-22 15:41:32,550 [INFO] ApiDb:250 - Set database path to: /home/eunchan/.stmcufinder/plugins/mcufinder//mcu/
2023-10-22 15:41:32,551 [WARN] DbFile:41 - Overriding database path with different value: /home/eunchan/.stmcufinder/plugins/mcufinder/ => /home/eunchan/.stmcufinder/plugins/mcufinder
2023-10-22 15:41:32,551 [INFO] DbMcusAds:125 - Set database path to: /home/eunchan/.stmcufinder/plugins/mcufinder//mcu/
2023-10-22 15:41:32,552 [WARN] DbFile:41 - Overriding database path with different value: /home/eunchan/.stmcufinder/plugins/mcufinder/ => /home/eunchan/.stmcufinder/plugins/mcufinder
2023-10-22 15:41:32,552 [WARN] DbFile:41 - Overriding database path with different value: /home/eunchan/.stmcufinder/plugins/mcufinder/ => /home/eunchan/.stmcufinder/plugins/mcufinder
2023-10-22 15:41:32,552 [INFO] CrossReferenceDbSqlite:203 - Set database path to: /home/eunchan/.stmcufinder/plugins/mcufinder//mcu/cs/
2023-10-22 15:41:32,577 [INFO] ApplicationProperties:184 - Using Application install path: /opt/st/stm32cubeide_1.13.2/plugins/com.st.stm32cube.common.mx_6.9.2.202309101412
2023-10-22 15:41:32,580 [INFO] PluginManage:196 - Search for loadable plugins [exclusion list=, ]
2023-10-22 15:41:32,581 [INFO] PluginManage:310 - Check plugin analytics
2023-10-22 15:41:33,125 [INFO] AnalyticsPlugin:253 - Accepted Software Licenses: 
2023-10-22 15:41:33,125 [INFO] AnalyticsPlugin:255 - Accepted CMSIS Pack Licenses: 
2023-10-22 15:41:33,126 [INFO] AnalyticsPlugin:257 - Accepted Firmware Licenses: FW.F4.1.27.0
2023-10-22 15:41:33,130 [INFO] PluginManage:359 - Loaded plugin analytics (category:tool,tabindex:-1)
2023-10-22 15:41:33,131 [INFO] PluginManage:310 - Check plugin cadmodel
2023-10-22 15:41:33,184 [INFO] CADModel:105 - Init CAD model plugin
2023-10-22 15:41:33,184 [INFO] PluginManage:359 - Loaded plugin cadmodel (category:power,tabindex:5)
2023-10-22 15:41:33,184 [INFO] PluginManage:310 - Check plugin clock
2023-10-22 15:41:33,205 [INFO] PluginManage:359 - Loaded plugin clock (category:base,tabindex:2)
2023-10-22 15:41:33,205 [INFO] PluginManage:310 - Check plugin ddr
2023-10-22 15:41:33,209 [INFO] PluginManage:359 - Loaded plugin ddr (category:tool,tabindex:6)
2023-10-22 15:41:33,209 [INFO] PluginManage:310 - Check plugin filemanager
2023-10-22 15:41:33,428 [INFO] PluginManage:359 - Loaded plugin filemanager (category:base,tabindex:10)
2023-10-22 15:41:33,429 [INFO] PluginManage:310 - Check plugin ipmanager
2023-10-22 15:41:33,438 [INFO] PluginManage:359 - Loaded plugin ipmanager (category:base,tabindex:5)
2023-10-22 15:41:33,438 [INFO] PluginManage:310 - Check plugin lpbam
2023-10-22 15:41:33,450 [INFO] PluginManage:359 - Loaded plugin lpbam (category:base,tabindex:0)
2023-10-22 15:41:33,450 [INFO] PluginManage:310 - Check plugin memorymap
2023-10-22 15:41:33,472 [INFO] PluginManage:359 - Loaded plugin memorymap (category:base,tabindex:4)
2023-10-22 15:41:33,472 [INFO] PluginManage:310 - Check plugin pinoutandconfiguration
2023-10-22 15:41:33,484 [INFO] PluginManage:359 - Loaded plugin pinoutandconfiguration (category:base,tabindex:1)
2023-10-22 15:41:33,484 [INFO] PluginManage:310 - Check plugin pinoutconfig
2023-10-22 15:41:33,667 [WARN] SupportedApi:132 - Cannot load RTOS API schema: s4s-elt-must-match.1: The content of 'definitions' must match (annotation?, (simpleType | complexType)?, (unique | key | keyref)*)). A problem was found starting at: attribute.
2023-10-22 15:41:33,981 [INFO] PluginManage:359 - Loaded plugin pinoutconfig (category:base,tabindex:0)
2023-10-22 15:41:33,983 [INFO] PluginManage:310 - Check plugin power
2023-10-22 15:41:33,995 [INFO] PluginManage:359 - Loaded plugin power (category:power,tabindex:4)
2023-10-22 15:41:33,996 [INFO] PluginManage:310 - Check plugin projectmanager
2023-10-22 15:41:34,026 [INFO] PluginManage:359 - Loaded plugin projectmanager (category:projectmanager,tabindex:3)
2023-10-22 15:41:34,026 [INFO] PluginManage:310 - Check plugin thirdparty
2023-10-22 15:41:34,280 [INFO] PluginManage:359 - Loaded plugin thirdparty (category:base,tabindex:-1)
2023-10-22 15:41:34,281 [INFO] PluginManage:310 - Check plugin tools
2023-10-22 15:41:34,285 [INFO] PluginManage:359 - Loaded plugin tools (category:base,tabindex:7)
2023-10-22 15:41:34,286 [INFO] PluginManage:310 - Check plugin tutovideos
2023-10-22 15:41:34,290 [WARN] IntegrityCheckThread:84 - waiting for thirdparty lock release [integrity check]
2023-10-22 15:41:34,294 [INFO] IntegrityCheckThread:86 - entering critical section [integrity check]
2023-10-22 15:41:34,295 [INFO] ThirdPartyUpdaterWithRetryManager:70 - Updater plugin not ready yet. [1/15]
2023-10-22 15:41:34,660 [INFO] PluginManage:359 - Loaded plugin tutovideos (category:base,tabindex:-1)
2023-10-22 15:41:34,660 [INFO] PluginManage:310 - Check plugin updater
2023-10-22 15:41:34,692 [INFO] PluginManage:359 - Loaded plugin updater (category:base,tabindex:12)
2023-10-22 15:41:34,693 [INFO] PluginManage:310 - Check plugin userauth
2023-10-22 15:41:34,701 [INFO] UserAuth:113 - Init User Auth plugin
2023-10-22 15:41:34,702 [INFO] PluginManage:359 - Loaded plugin userauth (category:base,tabindex:14)
2023-10-22 15:41:34,703 [INFO] PluginManage:283 - PluginManage : Loaded plugins [17]
2023-10-22 15:41:35,141 [INFO] PinOutPanel:1499 - setPackage(No Configuration,No Configuration)
2023-10-22 15:41:35,333 [INFO] CADModel:165 - CPN selected for project level
2023-10-22 15:41:35,334 [INFO] CADModel:114 - Register for checkConnection events
2023-10-22 15:41:35,358 [INFO] IPUIPlugin:80 - create IPUIPlugin
2023-10-22 15:41:35,358 [INFO] PluginManager:220 - loadIPPluginJar : add gfxmmu
2023-10-22 15:41:35,362 [INFO] IPUIPlugin:80 - create IPUIPlugin
2023-10-22 15:41:35,363 [INFO] PluginManager:220 - loadIPPluginJar : add cryp
2023-10-22 15:41:35,368 [INFO] IPUIPlugin:80 - create IPUIPlugin
2023-10-22 15:41:35,368 [INFO] PluginManager:220 - loadIPPluginJar : add can
2023-10-22 15:41:35,380 [INFO] IPUIPlugin:80 - create IPUIPlugin
2023-10-22 15:41:35,381 [INFO] PluginManager:220 - loadIPPluginJar : add gic
2023-10-22 15:41:35,388 [INFO] IPUIPlugin:80 - create IPUIPlugin
2023-10-22 15:41:35,388 [INFO] PluginManager:220 - loadIPPluginJar : add ipddr
2023-10-22 15:41:35,399 [INFO] IPUIPlugin:80 - create IPUIPlugin
2023-10-22 15:41:35,400 [INFO] PluginManager:220 - loadIPPluginJar : add freertos
2023-10-22 15:41:35,407 [INFO] IPUIPlugin:80 - create IPUIPlugin
2023-10-22 15:41:35,407 [INFO] PluginManager:220 - loadIPPluginJar : add i2c
2023-10-22 15:41:35,414 [INFO] IPUIPlugin:80 - create IPUIPlugin
2023-10-22 15:41:35,414 [INFO] PluginManager:220 - loadIPPluginJar : add gpio
2023-10-22 15:41:35,417 [INFO] IPUIPlugin:80 - create IPUIPlugin
2023-10-22 15:41:35,418 [INFO] PluginManager:220 - loadIPPluginJar : add i2s
2023-10-22 15:41:35,424 [INFO] IPUIPlugin:80 - create IPUIPlugin
2023-10-22 15:41:35,424 [INFO] PluginManager:220 - loadIPPluginJar : add resmgrutility
2023-10-22 15:41:35,427 [INFO] IPUIPlugin:80 - create IPUIPlugin
2023-10-22 15:41:35,427 [INFO] PluginManager:220 - loadIPPluginJar : add tsc
2023-10-22 15:41:35,434 [INFO] IPUIPlugin:80 - create IPUIPlugin
2023-10-22 15:41:35,435 [INFO] PluginManager:220 - loadIPPluginJar : add fmc
2023-10-22 15:41:35,438 [INFO] IPUIPlugin:80 - create IPUIPlugin
2023-10-22 15:41:35,439 [INFO] PluginManager:220 - loadIPPluginJar : add fatfs
2023-10-22 15:41:35,444 [INFO] IPUIPlugin:80 - create IPUIPlugin
2023-10-22 15:41:35,444 [INFO] PluginManager:220 - loadIPPluginJar : add tim
2023-10-22 15:41:35,448 [INFO] IPUIPlugin:80 - create IPUIPlugin
2023-10-22 15:41:35,448 [INFO] PluginManager:220 - loadIPPluginJar : add touchsensing
2023-10-22 15:41:35,452 [INFO] IPUIPlugin:80 - create IPUIPlugin
2023-10-22 15:41:35,453 [INFO] PluginManager:220 - loadIPPluginJar : add dfsdm
2023-10-22 15:41:35,456 [INFO] IPUIPlugin:80 - create IPUIPlugin
2023-10-22 15:41:35,456 [INFO] PluginManager:220 - loadIPPluginJar : add ucpd
2023-10-22 15:41:35,462 [INFO] IPUIPlugin:80 - create IPUIPlugin
2023-10-22 15:41:35,462 [INFO] PluginManager:220 - loadIPPluginJar : add usart
2023-10-22 15:41:35,466 [INFO] IPUIPlugin:80 - create IPUIPlugin
2023-10-22 15:41:35,467 [INFO] PluginManager:220 - loadIPPluginJar : add hash
2023-10-22 15:41:35,469 [INFO] IPUIPlugin:80 - create IPUIPlugin
2023-10-22 15:41:35,469 [INFO] PluginManager:220 - loadIPPluginJar : add ts
2023-10-22 15:41:35,471 [INFO] IPUIPlugin:80 - create IPUIPlugin
2023-10-22 15:41:35,472 [INFO] PluginManager:220 - loadIPPluginJar : add quadspi
2023-10-22 15:41:35,474 [INFO] IPUIPlugin:80 - create IPUIPlugin
2023-10-22 15:41:35,474 [INFO] PluginManager:220 - loadIPPluginJar : add genericplugin
2023-10-22 15:41:35,479 [INFO] IPUIPlugin:80 - create IPUIPlugin
2023-10-22 15:41:35,479 [INFO] PluginManager:220 - loadIPPluginJar : add pdm2pcm
2023-10-22 15:41:35,482 [INFO] IPUIPlugin:80 - create IPUIPlugin
2023-10-22 15:41:35,483 [INFO] PluginManager:220 - loadIPPluginJar : add comp
2023-10-22 15:41:35,484 [INFO] IPUIPlugin:80 - create IPUIPlugin
2023-10-22 15:41:35,484 [INFO] PluginManager:220 - loadIPPluginJar : add ltdc
2023-10-22 15:41:35,491 [INFO] IPUIPlugin:80 - create IPUIPlugin
2023-10-22 15:41:35,492 [INFO] PluginManager:220 - loadIPPluginJar : add lorawan
2023-10-22 15:41:35,501 [INFO] IPUIPlugin:80 - create IPUIPlugin
2023-10-22 15:41:35,502 [INFO] PluginManager:220 - loadIPPluginJar : add nvic
2023-10-22 15:41:35,514 [INFO] IPUIPlugin:80 - create IPUIPlugin
2023-10-22 15:41:35,515 [INFO] PluginManager:220 - loadIPPluginJar : add adc
2023-10-22 15:41:35,521 [INFO] IPUIPlugin:80 - create IPUIPlugin
2023-10-22 15:41:35,521 [INFO] PluginManager:220 - loadIPPluginJar : add usbx
2023-10-22 15:41:35,527 [INFO] IPUIPlugin:80 - create IPUIPlugin
2023-10-22 15:41:35,528 [INFO] PluginManager:220 - loadIPPluginJar : add sai
2023-10-22 15:41:35,538 [INFO] IPUIPlugin:80 - create IPUIPlugin
2023-10-22 15:41:35,539 [INFO] PluginManager:220 - loadIPPluginJar : add stm32_wpan
2023-10-22 15:41:35,544 [INFO] IPUIPlugin:80 - create IPUIPlugin
2023-10-22 15:41:35,544 [INFO] PluginManager:220 - loadIPPluginJar : add gtzc
2023-10-22 15:41:35,558 [INFO] IPUIPlugin:80 - create IPUIPlugin
2023-10-22 15:41:35,558 [INFO] PluginManager:220 - loadIPPluginJar : add mdma
2023-10-22 15:41:35,565 [INFO] IPUIPlugin:80 - create IPUIPlugin
2023-10-22 15:41:35,565 [INFO] PluginManager:220 - loadIPPluginJar : add dma3
2023-10-22 15:41:35,577 [INFO] IPUIPlugin:80 - create IPUIPlugin
2023-10-22 15:41:35,584 [INFO] PluginManager:220 - loadIPPluginJar : add plateformsettings
2023-10-22 15:41:35,598 [INFO] IPUIPlugin:80 - create IPUIPlugin
2023-10-22 15:41:35,599 [INFO] PluginManager:220 - loadIPPluginJar : add linkedlist
2023-10-22 15:41:35,602 [INFO] IPUIPlugin:80 - create IPUIPlugin
2023-10-22 15:41:35,602 [INFO] PluginManager:220 - loadIPPluginJar : add aes
2023-10-22 15:41:35,610 [INFO] IPUIPlugin:80 - create IPUIPlugin
2023-10-22 15:41:35,611 [INFO] PluginManager:220 - loadIPPluginJar : add dma
2023-10-22 15:41:35,616 [INFO] IPUIPlugin:80 - create IPUIPlugin
2023-10-22 15:41:35,616 [INFO] PluginManager:220 - loadIPPluginJar : add opamp
2023-10-22 15:41:35,620 [INFO] IPUIPlugin:80 - create IPUIPlugin
2023-10-22 15:41:35,621 [INFO] PluginManager:220 - loadIPPluginJar : add i3c
2023-10-22 15:41:35,625 [INFO] IPUIPlugin:80 - create IPUIPlugin
2023-10-22 15:41:35,626 [INFO] PluginManager:220 - loadIPPluginJar : add tracer_emb
2023-10-22 15:41:35,630 [INFO] IPUIPlugin:80 - create IPUIPlugin
2023-10-22 15:41:35,631 [INFO] PluginManager:220 - loadIPPluginJar : add spi
2023-10-22 15:41:35,635 [INFO] IPUIPlugin:80 - create IPUIPlugin
2023-10-22 15:41:35,636 [INFO] PluginManager:220 - loadIPPluginJar : add openamp
2023-10-22 15:41:35,784 [INFO] CADModel:165 - CPN selected for project level
2023-10-22 15:41:35,785 [INFO] CADModel:114 - Register for checkConnection events
2023-10-22 15:41:35,786 [FATAL] Updater:308 - Updater called before beeing initialized
2023-10-22 15:41:35,786 [ERROR] CADModel:125 - Updater not yet initialized, retry later 
2023-10-22 15:41:35,962 [INFO] CADModel:165 - CPN selected for project level
2023-10-22 15:41:35,962 [INFO] CADModel:114 - Register for checkConnection events
2023-10-22 15:41:35,962 [FATAL] Updater:308 - Updater called before beeing initialized
2023-10-22 15:41:35,963 [ERROR] CADModel:125 - Updater not yet initialized, retry later 
2023-10-22 15:41:35,977 [FATAL] Updater:308 - Updater called before beeing initialized
2023-10-22 15:41:36,099 [FATAL] Updater:308 - Updater called before beeing initialized
2023-10-22 15:41:36,108 [INFO] DbMcusAds:53 - JSON generation date=Tue Mar 07 02:50:55 CST 2023 (1678179055114)
2023-10-22 15:41:36,108 [FATAL] Updater:308 - Updater called before beeing initialized
2023-10-22 15:41:36,165 [WARN] DetailPanel:346 - Failed to get advertising image, set to default
2023-10-22 15:41:36,286 [FATAL] Updater:308 - Updater called before beeing initialized
2023-10-22 15:41:36,288 [FATAL] Updater:308 - Updater called before beeing initialized
2023-10-22 15:41:36,289 [FATAL] Updater:308 - Updater called before beeing initialized
2023-10-22 15:41:36,289 [WARN] DetailPanel:346 - Failed to get advertising image, set to default
2023-10-22 15:41:36,290 [FATAL] Updater:308 - Updater called before beeing initialized
2023-10-22 15:41:36,331 [ERROR] Updater:1120 - MainUpdater not yet initialized. External WinMGr cannot be set.
2023-10-22 15:41:36,333 [INFO] Updater:1056 - Updater Version found : 6.9.2
2023-10-22 15:41:36,352 [INFO] ApplicationProperties:184 - Using Application install path: /opt/st/stm32cubeide_1.13.2/plugins/com.st.stm32cube.common.mx_6.9.2.202309101412
2023-10-22 15:41:36,470 [INFO] MainUpdater:2868 - connection check result : 10
2023-10-22 15:41:36,471 [INFO] MainUpdater:285 - Updater Check For Update Now.
2023-10-22 15:41:36,472 [INFO] MicroXplorer:498 - Change Database Version : DB.6.0.92
2023-10-22 15:41:36,478 [INFO] McuFinderGlobals:63 - Set McuFinder mode to 2 (CubeIDE integrated)
2023-10-22 15:41:36,479 [INFO] UserAuth:179 - activating auth plugin
2023-10-22 15:41:36,483 [INFO] UserAuth:393 - Internet connection configuration mode: 1
2023-10-22 15:41:36,623 [INFO] JxBrowserEngine:151 - Initiate JxBrowser Engine with user profile folder
2023-10-22 15:41:36,759 [INFO] CheckServerUpdateThread:120 - End of CheckServer Thread
2023-10-22 15:41:37,534 [WARN] PackLoader:240 - Cannot read IP mode file for STMicroelectronics.X-CUBE-SMBUS.2.1.0
2023-10-22 15:41:37,702 [WARN] PackLoader:240 - Cannot read IP mode file for STMicroelectronics.X-CUBE-AZRTOS-F7.1.1.0
2023-10-22 15:41:37,747 [WARN] PackLoader:240 - Cannot read IP mode file for STMicroelectronics.FP-SNS-MOTENV1.4.3.2
2023-10-22 15:41:37,816 [WARN] PackLoader:240 - Cannot read IP mode file for STMicroelectronics.FP-SNS-FLIGHT1.5.0.2
2023-10-22 15:41:37,842 [WARN] PackLoader:240 - Cannot read IP mode file for STMicroelectronics.X-CUBE-DISPLAY.3.0.0
2023-10-22 15:41:37,869 [WARN] PackLoader:240 - Cannot read IP mode file for STMicroelectronics.X-CUBE-BLE1.7.0.0
2023-10-22 15:41:37,882 [WARN] PackLoader:240 - Cannot read IP mode file for emotas.I-CUBE-CANOPEN.1.3.0
2023-10-22 15:41:37,909 [INFO] LogOutputStream:77 - [STDOUT_REDIRECT] 1 : Invalid condition id : UX_CORESTACK_Condition cause : null
2023-10-22 15:41:37,911 [INFO] LogOutputStream:77 - [STDOUT_REDIRECT] 1 : Invalid condition id : UX_CORESTACK_Condition cause : null
2023-10-22 15:41:37,913 [INFO] LogOutputStream:77 - [STDOUT_REDIRECT] 1 : Invalid condition id : UX_CORESTACK_Condition cause : null
2023-10-22 15:41:37,914 [INFO] LogOutputStream:77 - [STDOUT_REDIRECT] 1 : Invalid condition id : UX_CORESTACK_Condition cause : null
2023-10-22 15:41:37,915 [INFO] LogOutputStream:77 - [STDOUT_REDIRECT] 1 : Invalid condition id : UX_CORESTACK_Condition cause : null
2023-10-22 15:41:37,929 [WARN] PackLoader:240 - Cannot read IP mode file for STMicroelectronics.X-CUBE-AZRTOS-WL.2.0.0
2023-10-22 15:41:37,955 [WARN] PackLoader:240 - Cannot read IP mode file for WES.I-CUBE-Cesium.1.3.0
2023-10-22 15:41:37,969 [WARN] PackLoader:240 - Cannot read IP mode file for STMicroelectronics.X-CUBE-BLE2.3.3.0
2023-10-22 15:41:37,990 [WARN] PackLoader:240 - Cannot read IP mode file for STMicroelectronics.X-CUBE-ALGOBUILD.1.3.0
2023-10-22 15:41:38,087 [WARN] PackLoader:240 - Cannot read IP mode file for STMicroelectronics.X-CUBE-AZRTOS-G0.1.1.0
2023-10-22 15:41:38,118 [WARN] PackLoader:240 - Cannot read IP mode file for STMicroelectronics.X-CUBE-NFC4.3.0.0
2023-10-22 15:41:38,128 [WARN] PackLoader:240 - Cannot read IP mode file for STMicroelectronics.FP-ATR-SIGFOX1.3.2.0
2023-10-22 15:41:38,263 [WARN] PackLoader:240 - Cannot read IP mode file for SEGGER.I-CUBE-embOS.1.3.1
2023-10-22 15:41:38,380 [WARN] PackLoader:240 - Cannot read IP mode file for STMicroelectronics.X-CUBE-GNSS1.6.0.0
2023-10-22 15:41:38,425 [WARN] PackLoader:240 - Cannot read IP mode file for STMicroelectronics.X-CUBE-AZRTOS-F4.1.1.0
2023-10-22 15:41:38,441 [WARN] PackLoader:240 - Cannot read IP mode file for wolfSSL.I-CUBE-wolfSSL.5.6.3
2023-10-22 15:41:38,481 [WARN] PackLoader:240 - Cannot read IP mode file for STMicroelectronics.X-CUBE-AZRTOS-L5.2.0.0
2023-10-22 15:41:38,631 [WARN] PackLoader:240 - Cannot read IP mode file for STMicroelectronics.X-CUBE-MEMS1.9.6.0
2023-10-22 15:41:39,038 [WARN] PackLoader:240 - Cannot read IP mode file for ITTIA_DB.I-CUBE-ITTIADB.8.8.0
2023-10-22 15:41:39,052 [WARN] PackLoader:240 - Cannot read IP mode file for STMicroelectronics.X-CUBE-BLEMGR.2.0.0
2023-10-22 15:41:39,105 [WARN] ConditionMgr:438 - getConditionDescription Invalid condition id : UX DEVICE CLASS RTOS Condition cause : null
2023-10-22 15:41:39,105 [WARN] ConditionMgr:438 - getConditionDescription Invalid condition id : UX DEVICE CLASS RTOS Condition cause : null
2023-10-22 15:41:39,115 [WARN] PackLoader:240 - Cannot read IP mode file for STMicroelectronics.X-CUBE-AZRTOS-H7.3.1.0
2023-10-22 15:41:39,117 [WARN] ConditionMgr:1039 - genDependencies : Invalid condition id : UX DEVICE CLASS RTOS Condition cause : null
2023-10-22 15:41:39,117 [WARN] ConditionMgr:1039 - genDependencies : Invalid condition id : UX DEVICE CLASS RTOS Condition cause : null
2023-10-22 15:41:39,119 [WARN] ConditionMgr:1039 - genDependencies : Invalid condition id : UX DEVICE CLASS RTOS Condition cause : null
2023-10-22 15:41:39,120 [WARN] ConditionMgr:1039 - genDependencies : Invalid condition id : UX DEVICE CLASS RTOS Condition cause : null
2023-10-22 15:41:39,120 [WARN] ConditionMgr:1039 - genDependencies : Invalid condition id : UX DEVICE CLASS RTOS Condition cause : null
2023-10-22 15:41:39,130 [WARN] PackLoader:240 - Cannot read IP mode file for STMicroelectronics.X-CUBE-NFC7.1.0.1
2023-10-22 15:41:39,139 [WARN] PackLoader:240 - Cannot read IP mode file for STMicroelectronics.X-CUBE-EEPRMA1.4.1.0
2023-10-22 15:41:39,145 [WARN] PackLoader:240 - Cannot read IP mode file for STMicroelectronics.X-CUBE-AI.8.1.0
2023-10-22 15:41:39,177 [WARN] ConditionMgr:438 - getConditionDescription Invalid condition id : LAN8742 Phy interface Condition cause : null
2023-10-22 15:41:39,178 [WARN] PackLoader:240 - Cannot read IP mode file for STMicroelectronics.X-CUBE-AZRTOS-L4.2.0.0
2023-10-22 15:41:39,180 [WARN] ConditionMgr:1039 - genDependencies : Invalid condition id : LAN8742 Phy interface Condition cause : null
2023-10-22 15:41:39,181 [WARN] ConditionMgr:1039 - genDependencies : Invalid condition id : LAN8742 Phy interface Condition cause : null
2023-10-22 15:41:39,182 [WARN] ConditionMgr:1039 - genDependencies : Invalid condition id : LAN8742 Phy interface Condition cause : null
2023-10-22 15:41:39,192 [WARN] PackLoader:240 - Cannot read IP mode file for STMicroelectronics.X-CUBE-SFXS2LP1.4.0.0
2023-10-22 15:41:39,199 [WARN] PackLoader:240 - Cannot read IP mode file for STMicroelectronics.X-CUBE-ISPU.1.1.0
2023-10-22 15:41:39,221 [WARN] ConditionMgr:438 - getConditionDescription Invalid condition id : UX DEVICE CLASS RTOS Condition cause : null
2023-10-22 15:41:39,222 [WARN] ConditionMgr:438 - getConditionDescription Invalid condition id : UX DEVICE CLASS RTOS Condition cause : null
2023-10-22 15:41:39,226 [WARN] PackLoader:240 - Cannot read IP mode file for STMicroelectronics.X-CUBE-AZRTOS-WB.2.0.0
2023-10-22 15:41:39,227 [WARN] ConditionMgr:1039 - genDependencies : Invalid condition id : UX DEVICE CLASS RTOS Condition cause : null
2023-10-22 15:41:39,228 [WARN] ConditionMgr:1039 - genDependencies : Invalid condition id : UX DEVICE CLASS RTOS Condition cause : null
2023-10-22 15:41:39,229 [WARN] ConditionMgr:1039 - genDependencies : Invalid condition id : UX DEVICE CLASS RTOS Condition cause : null
2023-10-22 15:41:39,229 [WARN] ConditionMgr:1039 - genDependencies : Invalid condition id : UX DEVICE CLASS RTOS Condition cause : null
2023-10-22 15:41:39,229 [WARN] ConditionMgr:1039 - genDependencies : Invalid condition id : UX DEVICE CLASS RTOS Condition cause : null
2023-10-22 15:41:39,244 [WARN] PackLoader:240 - Cannot read IP mode file for STMicroelectronics.X-CUBE-SUBG2.5.0.0
2023-10-22 15:41:39,270 [WARN] PackLoader:240 - Cannot read IP mode file for STMicroelectronics.X-CUBE-TOF1.3.3.1
2023-10-22 15:41:39,349 [WARN] PackLoader:240 - Cannot read IP mode file for STMicroelectronics.X-CUBE-AZRTOS-G4.2.0.0
2023-10-22 15:41:39,409 [WARN] PackLoader:240 - Cannot read IP mode file for Infineon.AIROC-Wi-Fi-Bluetooth-STM32.1.5.1
2023-10-22 15:41:39,647 [WARN] PackLoader:240 - Cannot read IP mode file for STMicroelectronics.X-CUBE-MEMS1.10.0.0
2023-10-22 15:41:39,912 [WARN] PackLoader:240 - Cannot read IP mode file for STMicroelectronics.X-CUBE-FREERTOS.1.1.0
2023-10-22 15:41:39,918 [WARN] PackLoader:240 - Cannot read IP mode file for portGmbH.I-Cube-SoM-uGOAL.1.1.0
2023-10-22 15:41:39,925 [WARN] PackLoader:240 - Cannot read IP mode file for STMicroelectronics.X-CUBE-ALS.1.0.1
2023-10-22 15:41:39,931 [WARN] PackLoader:240 - Cannot read IP mode file for STMicroelectronics.FP-ATR-ASTRA1.2.0.0
2023-10-22 15:41:39,932 [INFO] ThirdParty:978 - Integrity check success = true
2023-10-22 15:41:39,932 [INFO] IntegrityCheckThread:100 - exiting critical section [integrity check]
2023-10-22 15:41:39,932 [INFO] IntegrityCheckThread:103 - End integrity checks thread
2023-10-22 15:41:50,862 [INFO] WebApp:157 - Instantiating new browser for Auth
2023-10-22 15:41:58,194 [INFO] WebApp:753 - Register for checkConnection events
2023-10-22 15:41:58,194 [INFO] WebApp:390 - Apply proxy settings
2023-10-22 15:41:58,195 [INFO] WebApp:475 - Chromium requires no authentication
2023-10-22 15:41:58,206 [INFO] WebApp:418 - Direct internet connection detected
2023-10-22 15:41:58,593 [INFO] WebApp:188 - Starting web application
2023-10-22 15:41:58,594 [INFO] WebApp:520 - Web application path used /opt/st/stm32cubeide_1.13.2/plugins/com.st.stm32cube.common.mx_6.9.2.202309101412/db/plugins/mcufinder/reactClient1/index.html
2023-10-22 15:42:15,208 [ERROR] LogOutputStream:75 - [STDERR_REDIRECT] 
