2023-11-20 12:22:37,163 [ERROR] LogOutputStream:75 - [STDERR_REDIRECT] 
2023-11-20 18:09:12,371 [INFO] Activator:176 - 


2023-11-20 18:09:12,386 [INFO] Activator:177 - !SESSION log4j initialized
2023-11-20 18:09:26,125 [INFO] LogOutputStream:77 - [STDOUT_REDIRECT] 
2023-11-20 18:09:28,715 [INFO] ApplicationProperties:184 - Using Application install path: /opt/st/stm32cubeide_1.13.2/plugins/com.st.stm32cube.common.mx_6.9.2.202309101412
2023-11-20 18:09:28,811 [INFO] DbMcusXml:78 - Set database path to: /opt/st/stm32cubeide_1.13.2/plugins/com.st.stm32cube.common.mx_6.9.2.202309101412//db//mcu/
2023-11-20 18:09:28,812 [INFO] ApiDb:274 - Set plugin database path to: /opt/st/stm32cubeide_1.13.2/plugins/com.st.stm32cube.common.mx_6.9.2.202309101412//db//plugins/boardmanager/
2023-11-20 18:09:28,812 [WARN] ApiDb:259 - Overriding images path with different value:  => /opt/st/stm32cubeide_1.13.2/plugins/com.st.stm32cube.common.mx_6.9.2.202309101412//db//plugins/mcufinder/images/
2023-11-20 18:09:28,935 [INFO] ApiDb:250 - Set database path to: /home/eunchan/.stmcufinder/plugins/mcufinder//mcu/
2023-11-20 18:09:28,936 [INFO] DbMcusAds:125 - Set database path to: /home/eunchan/.stmcufinder/plugins/mcufinder//mcu/
2023-11-20 18:09:28,939 [INFO] CrossReferenceDbSqlite:203 - Set database path to: /home/eunchan/.stmcufinder/plugins/mcufinder//mcu/cs/
2023-11-20 18:09:29,228 [INFO] RulesReader:64 - Compatibility file has been processed (293 Rules)
2023-11-20 18:09:29,546 [INFO] DbMcusXml:78 - Set database path to: /opt/st/stm32cubeide_1.13.2/plugins/com.st.stm32cube.common.mx_6.9.2.202309101412//db//mcu/
2023-11-20 18:09:29,547 [INFO] ApiDb:274 - Set plugin database path to: /opt/st/stm32cubeide_1.13.2/plugins/com.st.stm32cube.common.mx_6.9.2.202309101412//db//plugins/boardmanager/
2023-11-20 18:09:29,547 [INFO] ApiDb:261 - Set plugin images path to: /opt/st/stm32cubeide_1.13.2/plugins/com.st.stm32cube.common.mx_6.9.2.202309101412//db//plugins/mcufinder/images/
2023-11-20 18:09:29,547 [WARN] DbFile:41 - Overriding database path with different value: /home/eunchan/.stmcufinder/plugins/mcufinder/ => /home/eunchan/.stmcufinder/plugins/mcufinder
2023-11-20 18:09:29,548 [INFO] ApiDb:250 - Set database path to: /home/eunchan/.stmcufinder/plugins/mcufinder//mcu/
2023-11-20 18:09:29,548 [WARN] DbFile:41 - Overriding database path with different value: /home/eunchan/.stmcufinder/plugins/mcufinder/ => /home/eunchan/.stmcufinder/plugins/mcufinder
2023-11-20 18:09:29,548 [INFO] DbMcusAds:125 - Set database path to: /home/eunchan/.stmcufinder/plugins/mcufinder//mcu/
2023-11-20 18:09:29,548 [WARN] DbFile:41 - Overriding database path with different value: /home/eunchan/.stmcufinder/plugins/mcufinder/ => /home/eunchan/.stmcufinder/plugins/mcufinder
2023-11-20 18:09:29,548 [WARN] DbFile:41 - Overriding database path with different value: /home/eunchan/.stmcufinder/plugins/mcufinder/ => /home/eunchan/.stmcufinder/plugins/mcufinder
2023-11-20 18:09:29,548 [INFO] CrossReferenceDbSqlite:203 - Set database path to: /home/eunchan/.stmcufinder/plugins/mcufinder//mcu/cs/
2023-11-20 18:09:30,041 [INFO] MainPanel:262 - HeapMemory: 268435456
2023-11-20 18:09:31,545 [INFO] DbMcusXml:78 - Set database path to: /opt/st/stm32cubeide_1.13.2/plugins/com.st.stm32cube.common.mx_6.9.2.202309101412//db//mcu/
2023-11-20 18:09:31,545 [INFO] ApiDb:274 - Set plugin database path to: /opt/st/stm32cubeide_1.13.2/plugins/com.st.stm32cube.common.mx_6.9.2.202309101412//db//plugins/boardmanager/
2023-11-20 18:09:31,545 [INFO] ApiDb:261 - Set plugin images path to: /opt/st/stm32cubeide_1.13.2/plugins/com.st.stm32cube.common.mx_6.9.2.202309101412//db//plugins/mcufinder/images/
2023-11-20 18:09:31,560 [WARN] DbFile:41 - Overriding database path with different value: /home/eunchan/.stmcufinder/plugins/mcufinder/ => /home/eunchan/.stmcufinder/plugins/mcufinder
2023-11-20 18:09:31,561 [INFO] ApiDb:250 - Set database path to: /home/eunchan/.stmcufinder/plugins/mcufinder//mcu/
2023-11-20 18:09:31,561 [WARN] DbFile:41 - Overriding database path with different value: /home/eunchan/.stmcufinder/plugins/mcufinder/ => /home/eunchan/.stmcufinder/plugins/mcufinder
2023-11-20 18:09:31,561 [INFO] DbMcusAds:125 - Set database path to: /home/eunchan/.stmcufinder/plugins/mcufinder//mcu/
2023-11-20 18:09:31,561 [WARN] DbFile:41 - Overriding database path with different value: /home/eunchan/.stmcufinder/plugins/mcufinder/ => /home/eunchan/.stmcufinder/plugins/mcufinder
2023-11-20 18:09:31,562 [WARN] DbFile:41 - Overriding database path with different value: /home/eunchan/.stmcufinder/plugins/mcufinder/ => /home/eunchan/.stmcufinder/plugins/mcufinder
2023-11-20 18:09:31,562 [INFO] CrossReferenceDbSqlite:203 - Set database path to: /home/eunchan/.stmcufinder/plugins/mcufinder//mcu/cs/
2023-11-20 18:09:31,781 [INFO] ApplicationProperties:184 - Using Application install path: /opt/st/stm32cubeide_1.13.2/plugins/com.st.stm32cube.common.mx_6.9.2.202309101412
2023-11-20 18:09:31,783 [INFO] PluginManage:196 - Search for loadable plugins [exclusion list=, ]
2023-11-20 18:09:31,785 [INFO] PluginManage:310 - Check plugin analytics
2023-11-20 18:09:32,833 [INFO] AnalyticsPlugin:253 - Accepted Software Licenses: 
2023-11-20 18:09:32,833 [INFO] AnalyticsPlugin:255 - Accepted CMSIS Pack Licenses: 
2023-11-20 18:09:32,833 [INFO] AnalyticsPlugin:257 - Accepted Firmware Licenses: FW.F4.1.27.0
2023-11-20 18:09:32,846 [INFO] PluginManage:359 - Loaded plugin analytics (category:tool,tabindex:-1)
2023-11-20 18:09:32,847 [INFO] PluginManage:310 - Check plugin cadmodel
2023-11-20 18:09:33,499 [INFO] CADModel:105 - Init CAD model plugin
2023-11-20 18:09:33,499 [INFO] PluginManage:359 - Loaded plugin cadmodel (category:power,tabindex:5)
2023-11-20 18:09:33,500 [INFO] PluginManage:310 - Check plugin clock
2023-11-20 18:09:33,751 [INFO] PluginManage:359 - Loaded plugin clock (category:base,tabindex:2)
2023-11-20 18:09:33,751 [INFO] PluginManage:310 - Check plugin ddr
2023-11-20 18:09:33,878 [INFO] PluginManage:359 - Loaded plugin ddr (category:tool,tabindex:6)
2023-11-20 18:09:33,879 [INFO] PluginManage:310 - Check plugin filemanager
2023-11-20 18:09:35,148 [INFO] PluginManage:359 - Loaded plugin filemanager (category:base,tabindex:10)
2023-11-20 18:09:35,148 [INFO] PluginManage:310 - Check plugin ipmanager
2023-11-20 18:09:35,237 [INFO] PluginManage:359 - Loaded plugin ipmanager (category:base,tabindex:5)
2023-11-20 18:09:35,237 [INFO] PluginManage:310 - Check plugin lpbam
2023-11-20 18:09:35,306 [INFO] PluginManage:359 - Loaded plugin lpbam (category:base,tabindex:0)
2023-11-20 18:09:35,306 [INFO] PluginManage:310 - Check plugin memorymap
2023-11-20 18:09:35,495 [INFO] PluginManage:359 - Loaded plugin memorymap (category:base,tabindex:4)
2023-11-20 18:09:35,495 [INFO] PluginManage:310 - Check plugin pinoutandconfiguration
2023-11-20 18:09:35,642 [INFO] PluginManage:359 - Loaded plugin pinoutandconfiguration (category:base,tabindex:1)
2023-11-20 18:09:35,642 [INFO] PluginManage:310 - Check plugin pinoutconfig
2023-11-20 18:09:36,168 [WARN] SupportedApi:132 - Cannot load RTOS API schema: s4s-elt-must-match.1: The content of 'definitions' must match (annotation?, (simpleType | complexType)?, (unique | key | keyref)*)). A problem was found starting at: attribute.
2023-11-20 18:09:37,352 [INFO] PluginManage:359 - Loaded plugin pinoutconfig (category:base,tabindex:0)
2023-11-20 18:09:37,352 [INFO] PluginManage:310 - Check plugin power
2023-11-20 18:09:37,621 [INFO] PluginManage:359 - Loaded plugin power (category:power,tabindex:4)
2023-11-20 18:09:37,621 [INFO] PluginManage:310 - Check plugin projectmanager
2023-11-20 18:09:37,675 [INFO] PluginManage:359 - Loaded plugin projectmanager (category:projectmanager,tabindex:3)
2023-11-20 18:09:37,676 [INFO] PluginManage:310 - Check plugin thirdparty
2023-11-20 18:09:38,957 [INFO] PluginManage:359 - Loaded plugin thirdparty (category:base,tabindex:-1)
2023-11-20 18:09:38,958 [INFO] PluginManage:310 - Check plugin tools
2023-11-20 18:09:38,958 [WARN] IntegrityCheckThread:84 - waiting for thirdparty lock release [integrity check]
2023-11-20 18:09:38,963 [INFO] IntegrityCheckThread:86 - entering critical section [integrity check]
2023-11-20 18:09:38,963 [INFO] ThirdPartyUpdaterWithRetryManager:70 - Updater plugin not ready yet. [1/15]
2023-11-20 18:09:39,062 [INFO] PluginManage:359 - Loaded plugin tools (category:base,tabindex:7)
2023-11-20 18:09:39,062 [INFO] PluginManage:310 - Check plugin tutovideos
2023-11-20 18:09:39,655 [INFO] PluginManage:359 - Loaded plugin tutovideos (category:base,tabindex:-1)
2023-11-20 18:09:39,655 [INFO] PluginManage:310 - Check plugin updater
2023-11-20 18:09:39,702 [INFO] PluginManage:359 - Loaded plugin updater (category:base,tabindex:12)
2023-11-20 18:09:39,702 [INFO] PluginManage:310 - Check plugin userauth
2023-11-20 18:09:39,735 [INFO] UserAuth:113 - Init User Auth plugin
2023-11-20 18:09:39,736 [INFO] PluginManage:359 - Loaded plugin userauth (category:base,tabindex:14)
2023-11-20 18:09:39,736 [INFO] PluginManage:283 - PluginManage : Loaded plugins [17]
2023-11-20 18:09:41,121 [INFO] PinOutPanel:1499 - setPackage(No Configuration,No Configuration)
2023-11-20 18:09:41,687 [INFO] CADModel:165 - CPN selected for project level
2023-11-20 18:09:41,687 [INFO] CADModel:114 - Register for checkConnection events
2023-11-20 18:09:41,942 [INFO] IPUIPlugin:80 - create IPUIPlugin
2023-11-20 18:09:41,942 [INFO] PluginManager:220 - loadIPPluginJar : add gfxmmu
2023-11-20 18:09:41,967 [INFO] IPUIPlugin:80 - create IPUIPlugin
2023-11-20 18:09:41,967 [INFO] PluginManager:220 - loadIPPluginJar : add cryp
2023-11-20 18:09:41,968 [INFO] ThirdPartyUpdaterWithRetryManager:70 - Updater plugin not ready yet. [2/15]
2023-11-20 18:09:41,983 [INFO] IPUIPlugin:80 - create IPUIPlugin
2023-11-20 18:09:41,984 [INFO] PluginManager:220 - loadIPPluginJar : add can
2023-11-20 18:09:42,000 [INFO] IPUIPlugin:80 - create IPUIPlugin
2023-11-20 18:09:42,001 [INFO] PluginManager:220 - loadIPPluginJar : add gic
2023-11-20 18:09:42,038 [INFO] IPUIPlugin:80 - create IPUIPlugin
2023-11-20 18:09:42,038 [INFO] PluginManager:220 - loadIPPluginJar : add ipddr
2023-11-20 18:09:42,061 [INFO] IPUIPlugin:80 - create IPUIPlugin
2023-11-20 18:09:42,061 [INFO] PluginManager:220 - loadIPPluginJar : add freertos
2023-11-20 18:09:42,064 [INFO] IPUIPlugin:80 - create IPUIPlugin
2023-11-20 18:09:42,065 [INFO] PluginManager:220 - loadIPPluginJar : add i2c
2023-11-20 18:09:42,109 [INFO] IPUIPlugin:80 - create IPUIPlugin
2023-11-20 18:09:42,109 [INFO] PluginManager:220 - loadIPPluginJar : add gpio
2023-11-20 18:09:42,112 [INFO] IPUIPlugin:80 - create IPUIPlugin
2023-11-20 18:09:42,113 [INFO] PluginManager:220 - loadIPPluginJar : add i2s
2023-11-20 18:09:42,146 [INFO] IPUIPlugin:80 - create IPUIPlugin
2023-11-20 18:09:42,146 [INFO] PluginManager:220 - loadIPPluginJar : add resmgrutility
2023-11-20 18:09:42,148 [INFO] IPUIPlugin:80 - create IPUIPlugin
2023-11-20 18:09:42,148 [INFO] PluginManager:220 - loadIPPluginJar : add tsc
2023-11-20 18:09:42,157 [INFO] IPUIPlugin:80 - create IPUIPlugin
2023-11-20 18:09:42,157 [INFO] PluginManager:220 - loadIPPluginJar : add fmc
2023-11-20 18:09:42,159 [INFO] IPUIPlugin:80 - create IPUIPlugin
2023-11-20 18:09:42,160 [INFO] PluginManager:220 - loadIPPluginJar : add fatfs
2023-11-20 18:09:42,171 [INFO] IPUIPlugin:80 - create IPUIPlugin
2023-11-20 18:09:42,171 [INFO] PluginManager:220 - loadIPPluginJar : add tim
2023-11-20 18:09:42,205 [INFO] IPUIPlugin:80 - create IPUIPlugin
2023-11-20 18:09:42,205 [INFO] PluginManager:220 - loadIPPluginJar : add touchsensing
2023-11-20 18:09:42,208 [INFO] IPUIPlugin:80 - create IPUIPlugin
2023-11-20 18:09:42,208 [INFO] PluginManager:220 - loadIPPluginJar : add dfsdm
2023-11-20 18:09:42,210 [INFO] IPUIPlugin:80 - create IPUIPlugin
2023-11-20 18:09:42,210 [INFO] PluginManager:220 - loadIPPluginJar : add ucpd
2023-11-20 18:09:42,237 [INFO] IPUIPlugin:80 - create IPUIPlugin
2023-11-20 18:09:42,237 [INFO] PluginManager:220 - loadIPPluginJar : add usart
2023-11-20 18:09:42,240 [INFO] IPUIPlugin:80 - create IPUIPlugin
2023-11-20 18:09:42,240 [INFO] PluginManager:220 - loadIPPluginJar : add hash
2023-11-20 18:09:42,271 [INFO] IPUIPlugin:80 - create IPUIPlugin
2023-11-20 18:09:42,271 [INFO] PluginManager:220 - loadIPPluginJar : add ts
2023-11-20 18:09:42,275 [INFO] IPUIPlugin:80 - create IPUIPlugin
2023-11-20 18:09:42,275 [INFO] PluginManager:220 - loadIPPluginJar : add quadspi
2023-11-20 18:09:42,277 [INFO] IPUIPlugin:80 - create IPUIPlugin
2023-11-20 18:09:42,277 [INFO] PluginManager:220 - loadIPPluginJar : add genericplugin
2023-11-20 18:09:42,313 [INFO] IPUIPlugin:80 - create IPUIPlugin
2023-11-20 18:09:42,313 [INFO] PluginManager:220 - loadIPPluginJar : add pdm2pcm
2023-11-20 18:09:42,315 [INFO] IPUIPlugin:80 - create IPUIPlugin
2023-11-20 18:09:42,316 [INFO] PluginManager:220 - loadIPPluginJar : add comp
2023-11-20 18:09:42,320 [INFO] IPUIPlugin:80 - create IPUIPlugin
2023-11-20 18:09:42,324 [INFO] PluginManager:220 - loadIPPluginJar : add ltdc
2023-11-20 18:09:42,327 [INFO] IPUIPlugin:80 - create IPUIPlugin
2023-11-20 18:09:42,328 [INFO] PluginManager:220 - loadIPPluginJar : add lorawan
2023-11-20 18:09:42,361 [INFO] IPUIPlugin:80 - create IPUIPlugin
2023-11-20 18:09:42,361 [INFO] PluginManager:220 - loadIPPluginJar : add nvic
2023-11-20 18:09:42,375 [INFO] IPUIPlugin:80 - create IPUIPlugin
2023-11-20 18:09:42,378 [INFO] PluginManager:220 - loadIPPluginJar : add adc
2023-11-20 18:09:42,385 [INFO] IPUIPlugin:80 - create IPUIPlugin
2023-11-20 18:09:42,385 [INFO] PluginManager:220 - loadIPPluginJar : add usbx
2023-11-20 18:09:42,392 [INFO] IPUIPlugin:80 - create IPUIPlugin
2023-11-20 18:09:42,392 [INFO] PluginManager:220 - loadIPPluginJar : add sai
2023-11-20 18:09:42,408 [INFO] IPUIPlugin:80 - create IPUIPlugin
2023-11-20 18:09:42,424 [INFO] PluginManager:220 - loadIPPluginJar : add stm32_wpan
2023-11-20 18:09:42,445 [INFO] IPUIPlugin:80 - create IPUIPlugin
2023-11-20 18:09:42,445 [INFO] PluginManager:220 - loadIPPluginJar : add gtzc
2023-11-20 18:09:42,478 [INFO] IPUIPlugin:80 - create IPUIPlugin
2023-11-20 18:09:42,479 [INFO] PluginManager:220 - loadIPPluginJar : add mdma
2023-11-20 18:09:42,483 [INFO] IPUIPlugin:80 - create IPUIPlugin
2023-11-20 18:09:42,484 [INFO] PluginManager:220 - loadIPPluginJar : add dma3
2023-11-20 18:09:42,509 [INFO] IPUIPlugin:80 - create IPUIPlugin
2023-11-20 18:09:42,513 [INFO] PluginManager:220 - loadIPPluginJar : add plateformsettings
2023-11-20 18:09:42,528 [INFO] IPUIPlugin:80 - create IPUIPlugin
2023-11-20 18:09:42,528 [INFO] PluginManager:220 - loadIPPluginJar : add linkedlist
2023-11-20 18:09:42,531 [INFO] IPUIPlugin:80 - create IPUIPlugin
2023-11-20 18:09:42,531 [INFO] PluginManager:220 - loadIPPluginJar : add aes
2023-11-20 18:09:42,571 [INFO] IPUIPlugin:80 - create IPUIPlugin
2023-11-20 18:09:42,571 [INFO] PluginManager:220 - loadIPPluginJar : add dma
2023-11-20 18:09:42,575 [INFO] IPUIPlugin:80 - create IPUIPlugin
2023-11-20 18:09:42,575 [INFO] PluginManager:220 - loadIPPluginJar : add opamp
2023-11-20 18:09:42,583 [INFO] IPUIPlugin:80 - create IPUIPlugin
2023-11-20 18:09:42,583 [INFO] PluginManager:220 - loadIPPluginJar : add i3c
2023-11-20 18:09:42,595 [INFO] IPUIPlugin:80 - create IPUIPlugin
2023-11-20 18:09:42,596 [INFO] PluginManager:220 - loadIPPluginJar : add tracer_emb
2023-11-20 18:09:42,598 [INFO] IPUIPlugin:80 - create IPUIPlugin
2023-11-20 18:09:42,599 [INFO] PluginManager:220 - loadIPPluginJar : add spi
2023-11-20 18:09:42,603 [INFO] IPUIPlugin:80 - create IPUIPlugin
2023-11-20 18:09:42,604 [INFO] PluginManager:220 - loadIPPluginJar : add openamp
2023-11-20 18:09:42,775 [INFO] CADModel:165 - CPN selected for project level
2023-11-20 18:09:42,776 [INFO] CADModel:114 - Register for checkConnection events
2023-11-20 18:09:42,777 [FATAL] Updater:308 - Updater called before beeing initialized
2023-11-20 18:09:42,777 [ERROR] CADModel:125 - Updater not yet initialized, retry later 
2023-11-20 18:09:43,137 [INFO] CADModel:165 - CPN selected for project level
2023-11-20 18:09:43,138 [INFO] CADModel:114 - Register for checkConnection events
2023-11-20 18:09:43,138 [FATAL] Updater:308 - Updater called before beeing initialized
2023-11-20 18:09:43,138 [ERROR] CADModel:125 - Updater not yet initialized, retry later 
2023-11-20 18:09:43,143 [FATAL] Updater:308 - Updater called before beeing initialized
2023-11-20 18:09:43,384 [FATAL] Updater:308 - Updater called before beeing initialized
2023-11-20 18:09:43,401 [INFO] DbMcusAds:53 - JSON generation date=Tue Mar 07 02:50:55 CST 2023 (1678179055335)
2023-11-20 18:09:43,401 [FATAL] Updater:308 - Updater called before beeing initialized
2023-11-20 18:09:43,551 [WARN] DetailPanel:346 - Failed to get advertising image, set to default
2023-11-20 18:09:43,670 [FATAL] Updater:308 - Updater called before beeing initialized
2023-11-20 18:09:43,744 [FATAL] Updater:308 - Updater called before beeing initialized
2023-11-20 18:09:43,744 [FATAL] Updater:308 - Updater called before beeing initialized
2023-11-20 18:09:43,744 [WARN] DetailPanel:346 - Failed to get advertising image, set to default
2023-11-20 18:09:43,745 [FATAL] Updater:308 - Updater called before beeing initialized
2023-11-20 18:09:43,834 [ERROR] Updater:1120 - MainUpdater not yet initialized. External WinMGr cannot be set.
2023-11-20 18:09:43,839 [INFO] Updater:1056 - Updater Version found : 6.9.2
2023-11-20 18:09:43,890 [INFO] ApplicationProperties:184 - Using Application install path: /opt/st/stm32cubeide_1.13.2/plugins/com.st.stm32cube.common.mx_6.9.2.202309101412
2023-11-20 18:09:44,366 [INFO] MainUpdater:2868 - connection check result : 10
2023-11-20 18:09:44,369 [INFO] MainUpdater:285 - Updater Check For Update Now.
2023-11-20 18:09:44,369 [INFO] MicroXplorer:498 - Change Database Version : DB.6.0.92
2023-11-20 18:09:44,391 [INFO] McuFinderGlobals:63 - Set McuFinder mode to 2 (CubeIDE integrated)
2023-11-20 18:09:44,392 [INFO] UserAuth:179 - activating auth plugin
2023-11-20 18:09:44,406 [INFO] UserAuth:393 - Internet connection configuration mode: 1
2023-11-20 18:09:44,581 [INFO] JxBrowserEngine:151 - Initiate JxBrowser Engine with user profile folder
2023-11-20 18:09:44,856 [INFO] CheckServerUpdateThread:120 - End of CheckServer Thread
2023-11-20 18:09:46,371 [WARN] PackLoader:240 - Cannot read IP mode file for STMicroelectronics.X-CUBE-SMBUS.2.1.0
2023-11-20 18:09:46,489 [WARN] PackLoader:240 - Cannot read IP mode file for STMicroelectronics.X-CUBE-AZRTOS-F7.1.1.0
2023-11-20 18:09:46,570 [WARN] PackLoader:240 - Cannot read IP mode file for STMicroelectronics.FP-SNS-MOTENV1.4.3.2
2023-11-20 18:09:46,614 [WARN] PackLoader:240 - Cannot read IP mode file for STMicroelectronics.FP-SNS-FLIGHT1.5.0.2
2023-11-20 18:09:46,685 [WARN] PackLoader:240 - Cannot read IP mode file for STMicroelectronics.X-CUBE-DISPLAY.3.0.0
2023-11-20 18:09:46,734 [WARN] PackLoader:240 - Cannot read IP mode file for STMicroelectronics.X-CUBE-BLE1.7.0.0
2023-11-20 18:09:46,778 [WARN] PackLoader:240 - Cannot read IP mode file for emotas.I-CUBE-CANOPEN.1.3.0
2023-11-20 18:09:46,832 [INFO] LogOutputStream:77 - [STDOUT_REDIRECT] 1 : Invalid condition id : UX_CORESTACK_Condition cause : null
2023-11-20 18:09:46,834 [INFO] LogOutputStream:77 - [STDOUT_REDIRECT] 1 : Invalid condition id : UX_CORESTACK_Condition cause : null
2023-11-20 18:09:46,835 [INFO] LogOutputStream:77 - [STDOUT_REDIRECT] 1 : Invalid condition id : UX_CORESTACK_Condition cause : null
2023-11-20 18:09:46,835 [INFO] LogOutputStream:77 - [STDOUT_REDIRECT] 1 : Invalid condition id : UX_CORESTACK_Condition cause : null
2023-11-20 18:09:46,836 [INFO] LogOutputStream:77 - [STDOUT_REDIRECT] 1 : Invalid condition id : UX_CORESTACK_Condition cause : null
2023-11-20 18:09:46,842 [WARN] PackLoader:240 - Cannot read IP mode file for STMicroelectronics.X-CUBE-AZRTOS-WL.2.0.0
2023-11-20 18:09:46,870 [WARN] PackLoader:240 - Cannot read IP mode file for WES.I-CUBE-Cesium.1.3.0
2023-11-20 18:09:46,937 [WARN] PackLoader:240 - Cannot read IP mode file for STMicroelectronics.X-CUBE-BLE2.3.3.0
2023-11-20 18:09:46,996 [WARN] PackLoader:240 - Cannot read IP mode file for STMicroelectronics.X-CUBE-ALGOBUILD.1.3.0
2023-11-20 18:09:47,095 [WARN] PackLoader:240 - Cannot read IP mode file for STMicroelectronics.X-CUBE-AZRTOS-G0.1.1.0
2023-11-20 18:09:47,117 [WARN] PackLoader:240 - Cannot read IP mode file for STMicroelectronics.X-CUBE-NFC4.3.0.0
2023-11-20 18:09:47,156 [WARN] PackLoader:240 - Cannot read IP mode file for STMicroelectronics.X-CUBE-BLEMGR.3.0.0
2023-11-20 18:09:47,212 [WARN] PackLoader:240 - Cannot read IP mode file for STMicroelectronics.FP-ATR-SIGFOX1.3.2.0
2023-11-20 18:09:47,350 [WARN] PackLoader:240 - Cannot read IP mode file for SEGGER.I-CUBE-embOS.1.3.1
2023-11-20 18:09:47,466 [WARN] PackLoader:240 - Cannot read IP mode file for STMicroelectronics.X-CUBE-GNSS1.6.0.0
2023-11-20 18:09:47,511 [WARN] PackLoader:240 - Cannot read IP mode file for STMicroelectronics.X-CUBE-AZRTOS-F4.1.1.0
2023-11-20 18:09:47,537 [WARN] PackLoader:240 - Cannot read IP mode file for wolfSSL.I-CUBE-wolfSSL.5.6.3
2023-11-20 18:09:47,599 [WARN] PackLoader:240 - Cannot read IP mode file for STMicroelectronics.X-CUBE-AZRTOS-L5.2.0.0
2023-11-20 18:09:47,722 [WARN] PackLoader:240 - Cannot read IP mode file for STMicroelectronics.X-CUBE-MEMS1.9.6.0
2023-11-20 18:09:48,023 [WARN] PackLoader:240 - Cannot read IP mode file for STMicroelectronics.X-CUBE-EEPRMA1.4.2.0
2023-11-20 18:09:48,040 [WARN] PackLoader:240 - Cannot read IP mode file for ITTIA_DB.I-CUBE-ITTIADB.8.8.0
2023-11-20 18:09:48,062 [WARN] PackLoader:240 - Cannot read IP mode file for STMicroelectronics.X-CUBE-BLEMGR.2.0.0
2023-11-20 18:09:48,113 [WARN] ConditionMgr:438 - getConditionDescription Invalid condition id : UX DEVICE CLASS RTOS Condition cause : null
2023-11-20 18:09:48,114 [WARN] ConditionMgr:438 - getConditionDescription Invalid condition id : UX DEVICE CLASS RTOS Condition cause : null
2023-11-20 18:09:48,127 [WARN] PackLoader:240 - Cannot read IP mode file for STMicroelectronics.X-CUBE-AZRTOS-H7.3.1.0
2023-11-20 18:09:48,129 [WARN] ConditionMgr:1039 - genDependencies : Invalid condition id : UX DEVICE CLASS RTOS Condition cause : null
2023-11-20 18:09:48,129 [WARN] ConditionMgr:1039 - genDependencies : Invalid condition id : UX DEVICE CLASS RTOS Condition cause : null
2023-11-20 18:09:48,130 [WARN] ConditionMgr:1039 - genDependencies : Invalid condition id : UX DEVICE CLASS RTOS Condition cause : null
2023-11-20 18:09:48,131 [WARN] ConditionMgr:1039 - genDependencies : Invalid condition id : UX DEVICE CLASS RTOS Condition cause : null
2023-11-20 18:09:48,131 [WARN] ConditionMgr:1039 - genDependencies : Invalid condition id : UX DEVICE CLASS RTOS Condition cause : null
2023-11-20 18:09:48,159 [WARN] PackLoader:240 - Cannot read IP mode file for STMicroelectronics.X-CUBE-NFC7.1.0.1
2023-11-20 18:09:48,190 [WARN] PackLoader:240 - Cannot read IP mode file for STMicroelectronics.X-CUBE-EEPRMA1.4.1.0
2023-11-20 18:09:48,215 [WARN] PackLoader:240 - Cannot read IP mode file for STMicroelectronics.X-CUBE-AI.8.1.0
2023-11-20 18:09:48,272 [WARN] ConditionMgr:438 - getConditionDescription Invalid condition id : LAN8742 Phy interface Condition cause : null
2023-11-20 18:09:48,277 [WARN] PackLoader:240 - Cannot read IP mode file for STMicroelectronics.X-CUBE-AZRTOS-L4.2.0.0
2023-11-20 18:09:48,280 [WARN] ConditionMgr:1039 - genDependencies : Invalid condition id : LAN8742 Phy interface Condition cause : null
2023-11-20 18:09:48,284 [WARN] ConditionMgr:1039 - genDependencies : Invalid condition id : LAN8742 Phy interface Condition cause : null
2023-11-20 18:09:48,287 [WARN] ConditionMgr:1039 - genDependencies : Invalid condition id : LAN8742 Phy interface Condition cause : null
2023-11-20 18:09:48,327 [WARN] PackLoader:240 - Cannot read IP mode file for STMicroelectronics.X-CUBE-SFXS2LP1.4.0.0
2023-11-20 18:09:48,338 [WARN] PackLoader:240 - Cannot read IP mode file for STMicroelectronics.X-CUBE-ISPU.1.1.0
2023-11-20 18:09:48,401 [WARN] ConditionMgr:438 - getConditionDescription Invalid condition id : UX DEVICE CLASS RTOS Condition cause : null
2023-11-20 18:09:48,401 [WARN] ConditionMgr:438 - getConditionDescription Invalid condition id : UX DEVICE CLASS RTOS Condition cause : null
2023-11-20 18:09:48,405 [WARN] PackLoader:240 - Cannot read IP mode file for STMicroelectronics.X-CUBE-AZRTOS-WB.2.0.0
2023-11-20 18:09:48,406 [WARN] ConditionMgr:1039 - genDependencies : Invalid condition id : UX DEVICE CLASS RTOS Condition cause : null
2023-11-20 18:09:48,406 [WARN] ConditionMgr:1039 - genDependencies : Invalid condition id : UX DEVICE CLASS RTOS Condition cause : null
2023-11-20 18:09:48,407 [WARN] ConditionMgr:1039 - genDependencies : Invalid condition id : UX DEVICE CLASS RTOS Condition cause : null
2023-11-20 18:09:48,408 [WARN] ConditionMgr:1039 - genDependencies : Invalid condition id : UX DEVICE CLASS RTOS Condition cause : null
2023-11-20 18:09:48,408 [WARN] ConditionMgr:1039 - genDependencies : Invalid condition id : UX DEVICE CLASS RTOS Condition cause : null
2023-11-20 18:09:48,440 [WARN] PackLoader:240 - Cannot read IP mode file for STMicroelectronics.X-CUBE-SUBG2.5.0.0
2023-11-20 18:09:48,485 [WARN] PackLoader:240 - Cannot read IP mode file for STMicroelectronics.X-CUBE-TOF1.3.3.1
2023-11-20 18:09:48,574 [WARN] PackLoader:240 - Cannot read IP mode file for STMicroelectronics.X-CUBE-AZRTOS-G4.2.0.0
2023-11-20 18:09:48,620 [WARN] PackLoader:240 - Cannot read IP mode file for Infineon.AIROC-Wi-Fi-Bluetooth-STM32.1.5.1
2023-11-20 18:09:48,644 [WARN] PackLoader:240 - Cannot read IP mode file for STMicroelectronics.FP-SNS-MOTENVWB1.1.3.0
2023-11-20 18:09:48,765 [WARN] PackLoader:240 - Cannot read IP mode file for STMicroelectronics.X-CUBE-MEMS1.10.0.0
2023-11-20 18:09:49,037 [WARN] PackLoader:240 - Cannot read IP mode file for STMicroelectronics.X-CUBE-FREERTOS.1.1.0
2023-11-20 18:09:49,086 [WARN] PackLoader:240 - Cannot read IP mode file for portGmbH.I-Cube-SoM-uGOAL.1.1.0
2023-11-20 18:09:49,102 [WARN] PackLoader:240 - Cannot read IP mode file for STMicroelectronics.X-CUBE-ALS.1.0.1
2023-11-20 18:09:49,134 [WARN] PackLoader:240 - Cannot read IP mode file for STMicroelectronics.FP-ATR-ASTRA1.2.0.0
2023-11-20 18:09:49,137 [INFO] ThirdParty:978 - Integrity check success = true
2023-11-20 18:09:49,138 [INFO] IntegrityCheckThread:100 - exiting critical section [integrity check]
2023-11-20 18:09:49,138 [INFO] IntegrityCheckThread:103 - End integrity checks thread
